<?xml version="1.0" encoding="utf-8"?><testsuites><testsuite name="pytest" errors="0" failures="4" skipped="0" tests="10" time="0.782" timestamp="2023-06-09T06:11:25.989838" hostname="fv-az451-1"><testcase classname="api.app.router.test_router.test_plan_list" name="test_get_list_mobile" time="0.072" /><testcase classname="api.app.router.test_router.test_plan_list" name="test_get_list_mobile_lte" time="0.005" /><testcase classname="api.app.router.test_router.test_plan_list" name="test_get_list_mobile_404" time="0.005" /><testcase classname="api.app.router.test_router.test_plan_list" name="test_get_list_internet" time="0.004" /><testcase classname="api.app.router.test_router.test_plan_list" name="test_get_list_internet_404" time="0.005" /><testcase classname="api.app.router.test_router.test_user_plan" name="test_select_carrier_single" time="0.006" /><testcase classname="api.app.router.test_router.test_user_plan" name="test_select_carrier_single_404" time="0.001"><failure message="TypeError: get() got an unexpected keyword argument 'json'">def test_select_carrier_single_404():
&gt;       response = client.get(
            prefix + "/kt", json={"mobile_line": ["basic"], "internet_line": "slim1"}
        )
E       TypeError: get() got an unexpected keyword argument 'json'

api/app/router/test_router/test_user_plan.py:34: TypeError</failure></testcase><testcase classname="api.app.router.test_router.test_user_plan" name="test_select_carriers_family" time="0.001"><failure message="TypeError: get() got an unexpected keyword argument 'json'">def test_select_carriers_family():
&gt;       response = client.get(
            prefix + "/kt",
            json={"mobile_line": ["basic", "special"], "internet_line": "slim"},
        )
E       TypeError: get() got an unexpected keyword argument 'json'

api/app/router/test_router/test_user_plan.py:43: TypeError</failure></testcase><testcase classname="api.app.router.test_router.test_user_plan" name="test_select_carriers_family_404" time="0.001"><failure message="TypeError: get() got an unexpected keyword argument 'json'">def test_select_carriers_family_404():
&gt;       response = client.get(
            prefix + "/kt", json={"mobile_line": ["basic"], "internet_line": "slimless"}
        )
E       TypeError: get() got an unexpected keyword argument 'json'

api/app/router/test_router/test_user_plan.py:83: TypeError</failure></testcase><testcase classname="api.app.router.test_router.test_user_plan" name="test_between_carrieres_family_sums" time="0.001"><failure message="TypeError: get() got an unexpected keyword argument 'json'">def test_between_carrieres_family_sums():
&gt;       response = client.get(
            prefix + "/kt/between",
            json={"mobile_line": ["basic", "special"], "internet_line": "slim"},
        )
E       TypeError: get() got an unexpected keyword argument 'json'

api/app/router/test_router/test_user_plan.py:92: TypeError</failure></testcase></testsuite></testsuites>