============================= test session starts ==============================
platform linux -- Python 3.9.16, pytest-7.3.1, pluggy-1.0.0
rootdir: /home/runner/work/carrier-plan-comparison-fastapi/carrier-plan-comparison-fastapi
plugins: cov-4.1.0, anyio-3.7.0
collected 10 items

api/app/router/test_router/test_plan_list.py .....                       [ 50%]
api/app/router/test_router/test_user_plan.py .....                       [100%]

- generated xml file: /home/runner/work/carrier-plan-comparison-fastapi/carrier-plan-comparison-fastapi/pytest.xml -

---------- coverage: platform linux, python 3.9.16-final-0 -----------
Name                            Stmts   Miss  Cover   Missing
-------------------------------------------------------------
api/app/router/combination.py      95      7    93%   44-45, 108-109, 114-115, 150
api/app/router/plan_list.py        59     20    66%   61, 63, 69-80, 104, 112-122
-------------------------------------------------------------
TOTAL                             204     27    87%

4 files skipped due to complete coverage.

============================== 10 passed in 0.51s ==============================
