<?xml version="1.0" encoding="utf-8"?><testsuites><testsuite name="pytest" errors="0" failures="0" skipped="0" tests="10" time="0.608" timestamp="2023-06-09T04:52:45.991328" hostname="fv-az799-389"><testcase classname="api.app.router.test_router.test_plan_list" name="test_get_list_mobile" time="0.060" /><testcase classname="api.app.router.test_router.test_plan_list" name="test_get_list_mobile_lte" time="0.005" /><testcase classname="api.app.router.test_router.test_plan_list" name="test_get_list_mobile_404" time="0.004" /><testcase classname="api.app.router.test_router.test_plan_list" name="test_get_list_internet" time="0.004" /><testcase classname="api.app.router.test_router.test_plan_list" name="test_get_list_internet_404" time="0.003" /><testcase classname="api.app.router.test_router.test_user_plan" name="test_select_carrier_single" time="0.005" /><testcase classname="api.app.router.test_router.test_user_plan" name="test_select_carrier_single_404" time="0.004" /><testcase classname="api.app.router.test_router.test_user_plan" name="test_select_carriers_family" time="0.005" /><testcase classname="api.app.router.test_router.test_user_plan" name="test_select_carriers_family_404" time="0.004" /><testcase classname="api.app.router.test_router.test_user_plan" name="test_between_carrieres_family_sums" time="0.005" /></testsuite></testsuites>